-------------------------------------------------------------------------------
Test set: org.example.ClientTest
-------------------------------------------------------------------------------
Tests run: 1, Failures: 0, Errors: 1, Skipped: 0, Time elapsed: 0.509 s <<< FAILURE! - in org.example.ClientTest
org.example.ClientTest.testMyContract  Time elapsed: 0.5 s  <<< ERROR!
java.lang.UnsatisfiedLinkError: failed to load the required native library
	at io.netty.handler.ssl.OpenSsl.ensureAvailability(OpenSsl.java:471)
	at io.netty.handler.ssl.ReferenceCountedOpenSslContext.<init>(ReferenceCountedOpenSslContext.java:208)
	at io.netty.handler.ssl.ReferenceCountedOpenSslContext.<init>(ReferenceCountedOpenSslContext.java:197)
	at io.netty.handler.ssl.OpenSslContext.<init>(OpenSslContext.java:34)
	at io.netty.handler.ssl.OpenSslClientContext.<init>(OpenSslClientContext.java:189)
	at io.netty.handler.ssl.SslContext.newClientContextInternal(SslContext.java:824)
	at io.netty.handler.ssl.SslContextBuilder.build(SslContextBuilder.java:462)
	at org.hyperledger.fabric.sdk.Endpoint.<init>(Endpoint.java:262)
	at org.hyperledger.fabric.sdk.Endpoint.createEndpoint(Endpoint.java:487)
	at org.hyperledger.fabric.sdk.Peer.setTLSCertificateKeyPair(Peer.java:447)
	at org.hyperledger.fabric.sdk.Channel.addPeer(Channel.java:669)
	at org.hyperledger.fabric.gateway.impl.GatewayImpl.getNetwork(GatewayImpl.java:245)
	at org.example.ClientApp.main(ClientApp.java:34)
	at org.example.ClientTest.testMyContract(ClientTest.java:15)
	at sun.reflect.NativeMethodAccessorImpl.invoke0(Native Method)
	at sun.reflect.NativeMethodAccessorImpl.invoke(NativeMethodAccessorImpl.java:62)
	at sun.reflect.DelegatingMethodAccessorImpl.invoke(DelegatingMethodAccessorImpl.java:43)
	at java.lang.reflect.Method.invoke(Method.java:498)
	at org.junit.runners.model.FrameworkMethod$1.runReflectiveCall(FrameworkMethod.java:50)
	at org.junit.internal.runners.model.ReflectiveCallable.run(ReflectiveCallable.java:12)
	at org.junit.runners.model.FrameworkMethod.invokeExplosively(FrameworkMethod.java:47)
	at org.junit.internal.runners.statements.InvokeMethod.evaluate(InvokeMethod.java:17)
	at org.junit.runners.ParentRunner.runLeaf(ParentRunner.java:325)
	at org.junit.runners.BlockJUnit4ClassRunner.runChild(BlockJUnit4ClassRunner.java:78)
	at org.junit.runners.BlockJUnit4ClassRunner.runChild(BlockJUnit4ClassRunner.java:57)
	at org.junit.runners.ParentRunner$3.run(ParentRunner.java:290)
	at org.junit.runners.ParentRunner$1.schedule(ParentRunner.java:71)
	at org.junit.runners.ParentRunner.runChildren(ParentRunner.java:288)
	at org.junit.runners.ParentRunner.access$000(ParentRunner.java:58)
	at org.junit.runners.ParentRunner$2.evaluate(ParentRunner.java:268)
	at org.junit.runners.ParentRunner.run(ParentRunner.java:363)
	at org.junit.runner.JUnitCore.run(JUnitCore.java:137)
	at org.junit.runner.JUnitCore.run(JUnitCore.java:115)
	at org.junit.vintage.engine.execution.RunnerExecutor.execute(RunnerExecutor.java:40)
	at java.util.stream.ForEachOps$ForEachOp$OfRef.accept(ForEachOps.java:183)
	at java.util.stream.ReferencePipeline$3$1.accept(ReferencePipeline.java:193)
	at java.util.Iterator.forEachRemaining(Iterator.java:116)
	at java.util.Spliterators$IteratorSpliterator.forEachRemaining(Spliterators.java:1801)
	at java.util.stream.AbstractPipeline.copyInto(AbstractPipeline.java:482)
	at java.util.stream.AbstractPipeline.wrapAndCopyInto(AbstractPipeline.java:472)
	at java.util.stream.ForEachOps$ForEachOp.evaluateSequential(ForEachOps.java:150)
	at java.util.stream.ForEachOps$ForEachOp$OfRef.evaluateSequential(ForEachOps.java:173)
	at java.util.stream.AbstractPipeline.evaluate(AbstractPipeline.java:234)
	at java.util.stream.ReferencePipeline.forEach(ReferencePipeline.java:485)
	at org.junit.vintage.engine.VintageTestEngine.executeAllChildren(VintageTestEngine.java:80)
	at org.junit.vintage.engine.VintageTestEngine.execute(VintageTestEngine.java:71)
	at org.junit.platform.launcher.core.DefaultLauncher.execute(DefaultLauncher.java:229)
	at org.junit.platform.launcher.core.DefaultLauncher.lambda$execute$6(DefaultLauncher.java:197)
	at org.junit.platform.launcher.core.DefaultLauncher.withInterceptedStreams(DefaultLauncher.java:211)
	at org.junit.platform.launcher.core.DefaultLauncher.execute(DefaultLauncher.java:191)
	at org.junit.platform.launcher.core.DefaultLauncher.execute(DefaultLauncher.java:128)
	at org.apache.maven.surefire.junitplatform.LazyLauncher.execute(LazyLauncher.java:50)
	at org.apache.maven.surefire.junitplatform.JUnitPlatformProvider.execute(JUnitPlatformProvider.java:184)
	at org.apache.maven.surefire.junitplatform.JUnitPlatformProvider.invokeAllTests(JUnitPlatformProvider.java:148)
	at org.apache.maven.surefire.junitplatform.JUnitPlatformProvider.invoke(JUnitPlatformProvider.java:122)
	at org.apache.maven.surefire.booter.ForkedBooter.runSuitesInProcess(ForkedBooter.java:385)
	at org.apache.maven.surefire.booter.ForkedBooter.execute(ForkedBooter.java:162)
	at org.apache.maven.surefire.booter.ForkedBooter.run(ForkedBooter.java:507)
	at org.apache.maven.surefire.booter.ForkedBooter.main(ForkedBooter.java:495)
Caused by: java.lang.IllegalArgumentException: Failed to load any of the given libraries: [netty_tcnative_osx_aarch_64, netty_tcnative_aarch_64, netty_tcnative]
	at io.netty.util.internal.NativeLibraryLoader.loadFirstAvailable(NativeLibraryLoader.java:104)
	at io.netty.handler.ssl.OpenSsl.loadTcNative(OpenSsl.java:568)
	at io.netty.handler.ssl.OpenSsl.<clinit>(OpenSsl.java:133)
	at io.grpc.netty.GrpcSslContexts.configure(GrpcSslContexts.java:194)
	at org.hyperledger.fabric.sdk.Endpoint.getSslContextBuilder(Endpoint.java:294)
	at org.hyperledger.fabric.sdk.Endpoint.<init>(Endpoint.java:254)
	... 51 more
	Suppressed: java.lang.UnsatisfiedLinkError: could not load a native library: netty_tcnative_osx_aarch_64
		at io.netty.util.internal.NativeLibraryLoader.load(NativeLibraryLoader.java:224)
		at io.netty.util.internal.NativeLibraryLoader.loadFirstAvailable(NativeLibraryLoader.java:96)
		... 56 more
	Caused by: java.io.FileNotFoundException: META-INF/native/libnetty_tcnative_osx_aarch_64.jnilib
		at io.netty.util.internal.NativeLibraryLoader.load(NativeLibraryLoader.java:168)
		... 57 more
		Suppressed: java.lang.UnsatisfiedLinkError: no netty_tcnative_osx_aarch_64 in java.library.path
			at java.lang.ClassLoader.loadLibrary(ClassLoader.java:1875)
			at java.lang.Runtime.loadLibrary0(Runtime.java:872)
			at java.lang.System.loadLibrary(System.java:1124)
			at io.netty.util.internal.NativeLibraryUtil.loadLibrary(NativeLibraryUtil.java:38)
			at io.netty.util.internal.NativeLibraryLoader.loadLibrary(NativeLibraryLoader.java:349)
			at io.netty.util.internal.NativeLibraryLoader.load(NativeLibraryLoader.java:136)
			... 57 more
			Suppressed: java.lang.UnsatisfiedLinkError: no netty_tcnative_osx_aarch_64 in java.library.path
				at java.lang.ClassLoader.loadLibrary(ClassLoader.java:1875)
				at java.lang.Runtime.loadLibrary0(Runtime.java:872)
				at java.lang.System.loadLibrary(System.java:1124)
				at io.netty.util.internal.NativeLibraryUtil.loadLibrary(NativeLibraryUtil.java:38)
				at sun.reflect.NativeMethodAccessorImpl.invoke0(Native Method)
				at sun.reflect.NativeMethodAccessorImpl.invoke(NativeMethodAccessorImpl.java:62)
				at sun.reflect.DelegatingMethodAccessorImpl.invoke(DelegatingMethodAccessorImpl.java:43)
				at java.lang.reflect.Method.invoke(Method.java:498)
				at io.netty.util.internal.NativeLibraryLoader$1.run(NativeLibraryLoader.java:369)
				at java.security.AccessController.doPrivileged(Native Method)
				at io.netty.util.internal.NativeLibraryLoader.loadLibraryByHelper(NativeLibraryLoader.java:361)
				at io.netty.util.internal.NativeLibraryLoader.loadLibrary(NativeLibraryLoader.java:339)
				... 58 more
	Suppressed: java.lang.UnsatisfiedLinkError: could not load a native library: netty_tcnative_aarch_64
		at io.netty.util.internal.NativeLibraryLoader.load(NativeLibraryLoader.java:224)
		at io.netty.util.internal.NativeLibraryLoader.loadFirstAvailable(NativeLibraryLoader.java:96)
		... 56 more
	Caused by: java.io.FileNotFoundException: META-INF/native/libnetty_tcnative_aarch_64.jnilib
		at io.netty.util.internal.NativeLibraryLoader.load(NativeLibraryLoader.java:168)
		... 57 more
		Suppressed: java.lang.UnsatisfiedLinkError: no netty_tcnative_aarch_64 in java.library.path
			at java.lang.ClassLoader.loadLibrary(ClassLoader.java:1875)
			at java.lang.Runtime.loadLibrary0(Runtime.java:872)
			at java.lang.System.loadLibrary(System.java:1124)
			at io.netty.util.internal.NativeLibraryUtil.loadLibrary(NativeLibraryUtil.java:38)
			at io.netty.util.internal.NativeLibraryLoader.loadLibrary(NativeLibraryLoader.java:349)
			at io.netty.util.internal.NativeLibraryLoader.load(NativeLibraryLoader.java:136)
			... 57 more
			Suppressed: java.lang.UnsatisfiedLinkError: no netty_tcnative_aarch_64 in java.library.path
				at java.lang.ClassLoader.loadLibrary(ClassLoader.java:1875)
				at java.lang.Runtime.loadLibrary0(Runtime.java:872)
				at java.lang.System.loadLibrary(System.java:1124)
				at io.netty.util.internal.NativeLibraryUtil.loadLibrary(NativeLibraryUtil.java:38)
				at sun.reflect.NativeMethodAccessorImpl.invoke0(Native Method)
				at sun.reflect.NativeMethodAccessorImpl.invoke(NativeMethodAccessorImpl.java:62)
				at sun.reflect.DelegatingMethodAccessorImpl.invoke(DelegatingMethodAccessorImpl.java:43)
				at java.lang.reflect.Method.invoke(Method.java:498)
				at io.netty.util.internal.NativeLibraryLoader$1.run(NativeLibraryLoader.java:369)
				at java.security.AccessController.doPrivileged(Native Method)
				at io.netty.util.internal.NativeLibraryLoader.loadLibraryByHelper(NativeLibraryLoader.java:361)
				at io.netty.util.internal.NativeLibraryLoader.loadLibrary(NativeLibraryLoader.java:339)
				... 58 more
	Suppressed: java.lang.UnsatisfiedLinkError: could not load a native library: netty_tcnative
		at io.netty.util.internal.NativeLibraryLoader.load(NativeLibraryLoader.java:224)
		at io.netty.util.internal.NativeLibraryLoader.loadFirstAvailable(NativeLibraryLoader.java:96)
		... 56 more
	Caused by: java.io.FileNotFoundException: META-INF/native/libnetty_tcnative.jnilib
		at io.netty.util.internal.NativeLibraryLoader.load(NativeLibraryLoader.java:168)
		... 57 more
		Suppressed: java.lang.UnsatisfiedLinkError: no netty_tcnative in java.library.path
			at java.lang.ClassLoader.loadLibrary(ClassLoader.java:1875)
			at java.lang.Runtime.loadLibrary0(Runtime.java:872)
			at java.lang.System.loadLibrary(System.java:1124)
			at io.netty.util.internal.NativeLibraryUtil.loadLibrary(NativeLibraryUtil.java:38)
			at io.netty.util.internal.NativeLibraryLoader.loadLibrary(NativeLibraryLoader.java:349)
			at io.netty.util.internal.NativeLibraryLoader.load(NativeLibraryLoader.java:136)
			... 57 more
			Suppressed: java.lang.UnsatisfiedLinkError: no netty_tcnative in java.library.path
				at java.lang.ClassLoader.loadLibrary(ClassLoader.java:1875)
				at java.lang.Runtime.loadLibrary0(Runtime.java:872)
				at java.lang.System.loadLibrary(System.java:1124)
				at io.netty.util.internal.NativeLibraryUtil.loadLibrary(NativeLibraryUtil.java:38)
				at sun.reflect.NativeMethodAccessorImpl.invoke0(Native Method)
				at sun.reflect.NativeMethodAccessorImpl.invoke(NativeMethodAccessorImpl.java:62)
				at sun.reflect.DelegatingMethodAccessorImpl.invoke(DelegatingMethodAccessorImpl.java:43)
				at java.lang.reflect.Method.invoke(Method.java:498)
				at io.netty.util.internal.NativeLibraryLoader$1.run(NativeLibraryLoader.java:369)
				at java.security.AccessController.doPrivileged(Native Method)
				at io.netty.util.internal.NativeLibraryLoader.loadLibraryByHelper(NativeLibraryLoader.java:361)
				at io.netty.util.internal.NativeLibraryLoader.loadLibrary(NativeLibraryLoader.java:339)
				... 58 more

